<?xml version="1.0" encoding="UTF-8"?>
<robot generator="Robot 7.1.1 (Python 3.12.2 on win32)" generated="2024-11-28T15:06:08.945305" rpa="false" schemaversion="5">
<suite id="s1" name="Browser" source="c:\Users\patri\RF Cursus\browser.robot">
<test id="s1-t1" name="test1" line="9">
<kw name="New Page" owner="Browser">
<msg time="2024-11-28T15:06:09.503800" level="INFO">Starting Browser process c:\Users\patri\RF Cursus\.venv\Lib\site-packages\Browser\wrapper\index.js using port 54266</msg>
<msg time="2024-11-28T15:06:09.507803" level="INFO">Node startup parameters: ['node', 'c:\\Users\\patri\\RF Cursus\\.venv\\Lib\\site-packages\\Browser\\wrapper\\index.js', '54266']</msg>
<msg time="2024-11-28T15:06:14.765564" level="INFO">Successfully initialized new page object and opened url: https://practicesoftwaretesting.com/</msg>
<msg time="2024-11-28T15:06:14.765564" level="INFO">No browser and context was open. New browser and context was automatically opened when page is created.</msg>
<arg>https://practicesoftwaretesting.com/</arg>
<tag>BrowserControl</tag>
<tag>Setter</tag>
<doc>Open a new Page.</doc>
<status status="PASS" start="2024-11-28T15:06:09.411570" elapsed="5.353994"/>
</kw>
<kw name="Click" owner="Browser">
<msg time="2024-11-28T15:06:14.767517" level="INFO">Clicks the element '[data-test=nav-sign-in]'.</msg>
<arg>[data-test=nav-sign-in]</arg>
<tag>PageContent</tag>
<tag>Setter</tag>
<doc>Simulates mouse click on the element found by ``selector``.</doc>
<status status="PASS" start="2024-11-28T15:06:14.766517" elapsed="0.121988"/>
</kw>
<kw name="Fill Text" owner="Browser">
<msg time="2024-11-28T15:06:14.889506" level="INFO">Fills the text 'customer@practicesoftwaretesting.com' in the given field.</msg>
<arg>[data-test=email]</arg>
<arg>customer@practicesoftwaretesting.com</arg>
<tag>PageContent</tag>
<tag>Setter</tag>
<doc>Clears and fills the given ``txt`` into the text field found by ``selector``.</doc>
<status status="PASS" start="2024-11-28T15:06:14.889506" elapsed="0.070485"/>
</kw>
<kw name="Fill Text" owner="Browser">
<msg time="2024-11-28T15:06:14.960989" level="INFO">Fills the text 'welcome01' in the given field.</msg>
<arg>[data-test=password]</arg>
<arg>welcome01</arg>
<tag>PageContent</tag>
<tag>Setter</tag>
<doc>Clears and fills the given ``txt`` into the text field found by ``selector``.</doc>
<status status="PASS" start="2024-11-28T15:06:14.959991" elapsed="0.017942"/>
</kw>
<kw name="Click" owner="Browser">
<msg time="2024-11-28T15:06:14.978929" level="INFO">Clicks the element '[data-test=login-submit]'.</msg>
<arg>[data-test=login-submit]</arg>
<tag>PageContent</tag>
<tag>Setter</tag>
<doc>Simulates mouse click on the element found by ``selector``.</doc>
<status status="PASS" start="2024-11-28T15:06:14.977933" elapsed="0.064626"/>
</kw>
<status status="PASS" start="2024-11-28T15:06:09.395408" elapsed="5.647151"/>
</test>
<status status="PASS" start="2024-11-28T15:06:08.952305" elapsed="6.135030"/>
</suite>
<statistics>
<total>
<stat pass="1" fail="0" skip="0">All Tests</stat>
</total>
<tag>
</tag>
<suite>
<stat pass="1" fail="0" skip="0" id="s1" name="Browser">Browser</stat>
</suite>
</statistics>
<errors>
</errors>
</robot>
